<?xml version="1.0" encoding="UTF-8"?>
<testsuite name="com.example.backend.BackendApplicationTests" tests="1" skipped="0" failures="0" errors="0" timestamp="2024-01-16T13:51:02" hostname="Cosmin" time="4.126">
  <properties/>
  <testcase name="contextLoads()" classname="com.example.backend.BackendApplicationTests" time="4.126"/>
  <system-out><![CDATA[14:50:48.411 [Test worker] INFO org.springframework.test.context.support.AnnotationConfigContextLoaderUtils -- Could not detect default configuration classes for test class [com.example.backend.BackendApplicationTests]: BackendApplicationTests does not declare any static, non-private, non-final, nested classes annotated with @Configuration.
14:50:49.036 [Test worker] INFO org.springframework.boot.test.context.SpringBootTestContextBootstrapper -- Found @SpringBootConfiguration com.example.backend.BackendApplication for test class com.example.backend.BackendApplicationTests

  .   ____          _            __ _ _
 /\\ / ___'_ __ _ _(_)_ __  __ _ \ \ \ \
( ( )\___ | '_ | '_| | '_ \/ _` | \ \ \ \
 \\/  ___)| |_)| | | | | || (_| |  ) ) ) )
  '  |____| .__|_| |_|_| |_\__, | / / / /
 =========|_|==============|___/=/_/_/_/
 :: Spring Boot ::                (v3.2.0)

2024-01-16T14:50:52.083+01:00  INFO 2447 --- [    Test worker] c.e.backend.BackendApplicationTests      : Starting BackendApplicationTests using Java 17.0.6 with PID 2447 (started by cosmin in /mnt/c/Cosmin/University/RUG/Year 2/Semester 1/1b/Web Development/group-7-project/backend)
2024-01-16T14:50:52.086+01:00  INFO 2447 --- [    Test worker] c.e.backend.BackendApplicationTests      : No active profile set, falling back to 1 default profile: "default"
2024-01-16T14:50:55.363+01:00  INFO 2447 --- [    Test worker] .s.d.r.c.RepositoryConfigurationDelegate : Bootstrapping Spring Data MongoDB repositories in DEFAULT mode.
2024-01-16T14:50:55.781+01:00  INFO 2447 --- [    Test worker] .s.d.r.c.RepositoryConfigurationDelegate : Finished Spring Data repository scanning in 396 ms. Found 5 MongoDB repository interfaces.
2024-01-16T14:50:58.140+01:00  INFO 2447 --- [gr1.mongodb.net] org.mongodb.driver.cluster               : Adding discovered server ac-4eztsg4-shard-00-02.s3qdgr1.mongodb.net:27017 to client view of cluster
2024-01-16T14:50:58.286+01:00  INFO 2447 --- [    Test worker] org.mongodb.driver.client                : MongoClient with metadata {"driver": {"name": "mongo-java-driver|sync|spring-boot", "version": "4.11.1"}, "os": {"type": "Linux", "name": "Linux", "architecture": "amd64", "version": "5.15.133.1-microsoft-standard-WSL2"}, "platform": "Java/Private Build/17.0.6+10-Ubuntu-0ubuntu122.04"} created with settings MongoClientSettings{readPreference=primary, writeConcern=WriteConcern{w=null, wTimeout=null ms, journal=null}, retryWrites=true, retryReads=true, readConcern=ReadConcern{level=null}, credential=MongoCredential{mechanism=null, userName='Cosmin', source='admin', password=<hidden>, mechanismProperties=<hidden>}, transportSettings=null, streamFactoryFactory=null, commandListeners=[], codecRegistry=ProvidersCodecRegistry{codecProviders=[ValueCodecProvider{}, BsonValueCodecProvider{}, DBRefCodecProvider{}, DBObjectCodecProvider{}, DocumentCodecProvider{}, CollectionCodecProvider{}, IterableCodecProvider{}, MapCodecProvider{}, GeoJsonCodecProvider{}, GridFSFileCodecProvider{}, Jsr310CodecProvider{}, JsonObjectCodecProvider{}, BsonCodecProvider{}, EnumCodecProvider{}, com.mongodb.client.model.mql.ExpressionCodecProvider@64bebd55, com.mongodb.Jep395RecordCodecProvider@7c1a8f0f, com.mongodb.KotlinCodecProvider@3730f716]}, loggerSettings=LoggerSettings{maxDocumentLength=1000}, clusterSettings={hosts=[127.0.0.1:27017], srvHost=cluster0.s3qdgr1.mongodb.net, srvServiceName=mongodb, mode=MULTIPLE, requiredClusterType=REPLICA_SET, requiredReplicaSetName='atlas-cugmmu-shard-0', serverSelector='null', clusterListeners='[]', serverSelectionTimeout='30000 ms', localThreshold='15 ms'}, socketSettings=SocketSettings{connectTimeoutMS=10000, readTimeoutMS=0, receiveBufferSize=0, proxySettings=ProxySettings{host=null, port=null, username=null, password=null}}, heartbeatSocketSettings=SocketSettings{connectTimeoutMS=10000, readTimeoutMS=10000, receiveBufferSize=0, proxySettings=ProxySettings{host=null, port=null, username=null, password=null}}, connectionPoolSettings=ConnectionPoolSettings{maxSize=100, minSize=0, maxWaitTimeMS=120000, maxConnectionLifeTimeMS=0, maxConnectionIdleTimeMS=0, maintenanceInitialDelayMS=0, maintenanceFrequencyMS=60000, connectionPoolListeners=[], maxConnecting=2}, serverSettings=ServerSettings{heartbeatFrequencyMS=10000, minHeartbeatFrequencyMS=500, serverListeners='[]', serverMonitorListeners='[]'}, sslSettings=SslSettings{enabled=true, invalidHostNameAllowed=false, context=null}, applicationName='null', compressorList=[], uuidRepresentation=JAVA_LEGACY, serverApi=null, autoEncryptionSettings=null, dnsClient=null, inetAddressResolver=null, contextProvider=null}
2024-01-16T14:50:58.383+01:00  INFO 2447 --- [gr1.mongodb.net] org.mongodb.driver.cluster               : Adding discovered server ac-4eztsg4-shard-00-01.s3qdgr1.mongodb.net:27017 to client view of cluster
2024-01-16T14:50:58.388+01:00  INFO 2447 --- [gr1.mongodb.net] org.mongodb.driver.cluster               : Adding discovered server ac-4eztsg4-shard-00-00.s3qdgr1.mongodb.net:27017 to client view of cluster
2024-01-16T14:50:59.019+01:00  INFO 2447 --- [ngodb.net:27017] org.mongodb.driver.cluster               : Monitor thread successfully connected to server with description ServerDescription{address=ac-4eztsg4-shard-00-02.s3qdgr1.mongodb.net:27017, type=REPLICA_SET_SECONDARY, state=CONNECTED, ok=true, minWireVersion=0, maxWireVersion=17, maxDocumentSize=16777216, logicalSessionTimeoutMinutes=30, roundTripTimeNanos=321800188, setName='atlas-cugmmu-shard-0', canonicalAddress=ac-4eztsg4-shard-00-02.s3qdgr1.mongodb.net:27017, hosts=[ac-4eztsg4-shard-00-02.s3qdgr1.mongodb.net:27017, ac-4eztsg4-shard-00-00.s3qdgr1.mongodb.net:27017, ac-4eztsg4-shard-00-01.s3qdgr1.mongodb.net:27017], passives=[], arbiters=[], primary='ac-4eztsg4-shard-00-01.s3qdgr1.mongodb.net:27017', tagSet=TagSet{[Tag{name='availabilityZone', value='euc1-az1'}, Tag{name='diskState', value='READY'}, Tag{name='nodeType', value='ELECTABLE'}, Tag{name='provider', value='AWS'}, Tag{name='region', value='EU_CENTRAL_1'}, Tag{name='workloadType', value='OPERATIONAL'}]}, electionId=null, setVersion=3, topologyVersion=TopologyVersion{processId=658aab5d575c574583cf4cad, counter=4}, lastWriteDate=Tue Jan 16 14:50:59 CET 2024, lastUpdateTimeNanos=5423007487755}
2024-01-16T14:50:59.019+01:00  INFO 2447 --- [ngodb.net:27017] org.mongodb.driver.cluster               : Monitor thread successfully connected to server with description ServerDescription{address=ac-4eztsg4-shard-00-00.s3qdgr1.mongodb.net:27017, type=REPLICA_SET_SECONDARY, state=CONNECTED, ok=true, minWireVersion=0, maxWireVersion=17, maxDocumentSize=16777216, logicalSessionTimeoutMinutes=30, roundTripTimeNanos=312957678, setName='atlas-cugmmu-shard-0', canonicalAddress=ac-4eztsg4-shard-00-00.s3qdgr1.mongodb.net:27017, hosts=[ac-4eztsg4-shard-00-02.s3qdgr1.mongodb.net:27017, ac-4eztsg4-shard-00-00.s3qdgr1.mongodb.net:27017, ac-4eztsg4-shard-00-01.s3qdgr1.mongodb.net:27017], passives=[], arbiters=[], primary='ac-4eztsg4-shard-00-01.s3qdgr1.mongodb.net:27017', tagSet=TagSet{[Tag{name='availabilityZone', value='euc1-az2'}, Tag{name='diskState', value='READY'}, Tag{name='nodeType', value='ELECTABLE'}, Tag{name='provider', value='AWS'}, Tag{name='region', value='EU_CENTRAL_1'}, Tag{name='workloadType', value='OPERATIONAL'}]}, electionId=null, setVersion=3, topologyVersion=TopologyVersion{processId=658aa88ccdc85b39766ec029, counter=5}, lastWriteDate=Tue Jan 16 14:50:59 CET 2024, lastUpdateTimeNanos=5423007487729}
2024-01-16T14:50:59.019+01:00  INFO 2447 --- [ngodb.net:27017] org.mongodb.driver.cluster               : Monitor thread successfully connected to server with description ServerDescription{address=ac-4eztsg4-shard-00-01.s3qdgr1.mongodb.net:27017, type=REPLICA_SET_PRIMARY, state=CONNECTED, ok=true, minWireVersion=0, maxWireVersion=17, maxDocumentSize=16777216, logicalSessionTimeoutMinutes=30, roundTripTimeNanos=321799853, setName='atlas-cugmmu-shard-0', canonicalAddress=ac-4eztsg4-shard-00-01.s3qdgr1.mongodb.net:27017, hosts=[ac-4eztsg4-shard-00-02.s3qdgr1.mongodb.net:27017, ac-4eztsg4-shard-00-00.s3qdgr1.mongodb.net:27017, ac-4eztsg4-shard-00-01.s3qdgr1.mongodb.net:27017], passives=[], arbiters=[], primary='ac-4eztsg4-shard-00-01.s3qdgr1.mongodb.net:27017', tagSet=TagSet{[Tag{name='availabilityZone', value='euc1-az3'}, Tag{name='diskState', value='READY'}, Tag{name='nodeType', value='ELECTABLE'}, Tag{name='provider', value='AWS'}, Tag{name='region', value='EU_CENTRAL_1'}, Tag{name='workloadType', value='OPERATIONAL'}]}, electionId=7fffffff0000000000000058, setVersion=3, topologyVersion=TopologyVersion{processId=658aa9f54b284e078ec31ac4, counter=7}, lastWriteDate=Tue Jan 16 14:50:59 CET 2024, lastUpdateTimeNanos=5423007493359}
2024-01-16T14:50:59.041+01:00  INFO 2447 --- [ngodb.net:27017] org.mongodb.driver.cluster               : Discovered replica set primary ac-4eztsg4-shard-00-01.s3qdgr1.mongodb.net:27017 with max election id 7fffffff0000000000000058 and max set version 3
2024-01-16T14:51:02.519+01:00  INFO 2447 --- [    Test worker] c.e.backend.BackendApplicationTests      : Started BackendApplicationTests in 12.307 seconds (process running for 16.487)
]]></system-out>
  <system-err><![CDATA[]]></system-err>
</testsuite>
